<?xml version='1.0' encoding='UTF-8'?>
<testsuite hostname="vl-d-1636" name="galliatesting.spark.SparkTest" tests="9" errors="0" failures="9" skipped="0" time="0.903" timestamp="2026-06-27T19:42:29">
          <properties>
[...]
</properties>
          <testcase classname="galliatesting.spark.SparkTest" name="basic spark (non gallia)" time="0.875">
                      <failure message="getSubject is not supported" type="java.lang.UnsupportedOperationException">java.lang.UnsupportedOperationException: getSubject is not supported
	at java.base/javax.security.auth.Subject.getSubject(Subject.java:277)
	at org.apache.hadoop.security.UserGroupInformation.getCurrentUser(UserGroupInformation.java:577)
	at org.apache.spark.util.Utils$.$anonfun$getCurrentUserName$1(Utils.scala:2416)
	at scala.Option.getOrElse(Option.scala:203)
	at org.apache.spark.util.Utils$.getCurrentUserName(Utils.scala:2416)
	at org.apache.spark.SparkContext.&lt;init&gt;(SparkContext.scala:334)
	at galliatesting.spark.NonGalliaSparkTest$.apply(NonGalliaSparkTest.scala:24)
	at galliatesting.spark.SparkTest$.$init$$$anonfun$1$$anonfun$1(SparkTest.scala:30)
	at utest.framework.StackMarker$.dropOutside(StackMarker.scala:13)
	at utest.framework.TestCallTree.run(Model.scala:45)
	at utest.framework.TestCallTree.run(Model.scala:43)
	at utest.TestRunner$.$anonfun$8$$anonfun$1(TestRunner.scala:74)
	at utest.framework.Executor.utestWrap(Executor.scala:12)
	at utest.framework.Executor.utestWrap$(Executor.scala:5)
	at utest.TestSuite.utestWrap(TestSuite.scala:12)
	at utest.TestRunner$.$anonfun$8(TestRunner.scala:84)
	at utest.framework.StackMarker$.dropOutside(StackMarker.scala:13)
	at utest.TestRunner$.$anonfun$6$$anonfun$1(TestRunner.scala:85)
	at utest.TestRunner$.evaluateFutureTree(TestRunner.scala:171)
	at utest.TestRunner$.evaluateFutureTree$$anonfun$2(TestRunner.scala:174)
	at scala.concurrent.Future$.traverse$$anonfun$1(Future.scala:884)
	at scala.collection.IterableOnceOps.foldLeft(IterableOnce.scala:740)
	at scala.collection.IterableOnceOps.foldLeft$(IterableOnce.scala:336)
	at scala.collection.AbstractIterator.foldLeft(Iterator.scala:1325)
	at scala.concurrent.Future$.traverse(Future.scala:884)
	at utest.TestRunner$.evaluateFutureTree(TestRunner.scala:174)
	at utest.TestRunner$.runAsync(TestRunner.scala:99)
	at utest.runner.BaseRunner.runSuite(BaseRunner.scala:173)
	at utest.runner.BaseRunner.makeTask$$anonfun$1(BaseRunner.scala:184)
	at utest.runner.Task.execute(Task.scala:20)
	at sbt.TestRunner.runTest$1(TestFramework.scala:153)
	at sbt.TestRunner.run(TestFramework.scala:168)
	at sbt.TestFramework$$anon$3$$anonfun$$lessinit$greater$1.$anonfun$apply$1(TestFramework.scala:336)
	at sbt.TestFramework$.sbt$TestFramework$$withContextLoader(TestFramework.scala:296)
	at sbt.TestFramework$$anon$3$$anonfun$$lessinit$greater$1.apply(TestFramework.scala:336)
	at sbt.TestFramework$$anon$3$$anonfun$$lessinit$greater$1.apply(TestFramework.scala:336)
	at sbt.TestFunction.apply(TestFramework.scala:348)
	at sbt.Tests$.$anonfun$toTask$1(Tests.scala:436)
	at sbt.std.Transform$$anon$3.$anonfun$apply$2(Transform.scala:47)
	at sbt.std.Transform$$anon$4.work(Transform.scala:69)
	at sbt.Execute.$anonfun$submit$2(Execute.scala:283)
	at sbt.internal.util.ErrorHandling$.wideConvert(ErrorHandling.scala:24)
	at sbt.Execute.work(Execute.scala:292)
	at sbt.Execute.$anonfun$submit$1(Execute.scala:283)
	at sbt.ConcurrentRestrictions$$anon$4.$anonfun$submitValid$1(ConcurrentRestrictions.scala:265)
	at sbt.CompletionService$$anon$2.call(CompletionService.scala:65)
	at java.base/java.util.concurrent.FutureTask.run(FutureTask.java:328)
	at java.base/java.util.concurrent.Executors$RunnableAdapter.call(Executors.java:545)
	at java.base/java.util.concurrent.FutureTask.run(FutureTask.java:328)
	at java.base/java.util.concurrent.ThreadPoolExecutor.runWorker(ThreadPoolExecutor.java:1090)
	at java.base/java.util.concurrent.ThreadPoolExecutor$Worker.run(ThreadPoolExecutor.java:614)
	at java.base/java.lang.Thread.run(Thread.java:1474)
</failure>
                    </testcase><testcase classname="galliatesting.spark.SparkTest" name="spark-csv" time="0.017">
                      <failure message="getSubject is not supported" type="java.lang.UnsupportedOperationException">java.lang.UnsupportedOperationException: getSubject is not supported
	at java.base/javax.security.auth.Subject.getSubject(Subject.java:277)
	at org.apache.hadoop.security.UserGroupInformation.getCurrentUser(UserGroupInformation.java:577)
	at org.apache.spark.util.Utils$.$anonfun$getCurrentUserName$1(Utils.scala:2416)
	at scala.Option.getOrElse(Option.scala:203)
	at org.apache.spark.util.Utils$.getCurrentUserName(Utils.scala:2416)
	at org.apache.spark.SparkContext.&lt;init&gt;(SparkContext.scala:334)
	at aptus.spark.SparkDriver$.createContext(SparkDriver.scala:29)
	at aptus.spark.SparkDriver$.context$$anonfun$1(SparkDriver.scala:18)
	at scala.Option.getOrElse(Option.scala:203)
	at aptus.spark.SparkDriver$.context(SparkDriver.scala:18)
	at gallia.spark.package$.galliaSparkContext(SparkPackage.scala:30)
	at galliatesting.spark.SparkCsvTest$.apply(SparkCsvTest.scala:11)
	at galliatesting.spark.SparkTest$.$init$$$anonfun$1$$anonfun$2(SparkTest.scala:33)
	at utest.framework.StackMarker$.dropOutside(StackMarker.scala:13)
	at utest.framework.TestCallTree.run(Model.scala:45)
	at utest.framework.TestCallTree.run(Model.scala:43)
	at utest.TestRunner$.$anonfun$8$$anonfun$1(TestRunner.scala:74)
	at utest.framework.Executor.utestWrap(Executor.scala:12)
	at utest.framework.Executor.utestWrap$(Executor.scala:5)
	at utest.TestSuite.utestWrap(TestSuite.scala:12)
	at utest.TestRunner$.$anonfun$8(TestRunner.scala:84)
	at utest.framework.StackMarker$.dropOutside(StackMarker.scala:13)
	at utest.TestRunner$.$anonfun$6$$anonfun$1(TestRunner.scala:85)
	at utest.TestRunner$.evaluateFutureTree(TestRunner.scala:171)
	at utest.TestRunner$.evaluateFutureTree$$anonfun$2(TestRunner.scala:174)
	at scala.concurrent.Future$.traverse$$anonfun$1(Future.scala:884)
	at scala.collection.IterableOnceOps.foldLeft(IterableOnce.scala:740)
	at scala.collection.IterableOnceOps.foldLeft$(IterableOnce.scala:336)
	at scala.collection.AbstractIterator.foldLeft(Iterator.scala:1325)
	at scala.concurrent.Future$.traverse(Future.scala:884)
	at utest.TestRunner$.evaluateFutureTree(TestRunner.scala:174)
	at utest.TestRunner$.runAsync(TestRunner.scala:99)
	at utest.runner.BaseRunner.runSuite(BaseRunner.scala:173)
	at utest.runner.BaseRunner.makeTask$$anonfun$1(BaseRunner.scala:184)
	at utest.runner.Task.execute(Task.scala:20)
	at sbt.TestRunner.runTest$1(TestFramework.scala:153)
	at sbt.TestRunner.run(TestFramework.scala:168)
	at sbt.TestFramework$$anon$3$$anonfun$$lessinit$greater$1.$anonfun$apply$1(TestFramework.scala:336)
	at sbt.TestFramework$.sbt$TestFramework$$withContextLoader(TestFramework.scala:296)
	at sbt.TestFramework$$anon$3$$anonfun$$lessinit$greater$1.apply(TestFramework.scala:336)
	at sbt.TestFramework$$anon$3$$anonfun$$lessinit$greater$1.apply(TestFramework.scala:336)
	at sbt.TestFunction.apply(TestFramework.scala:348)
	at sbt.Tests$.$anonfun$toTask$1(Tests.scala:436)
	at sbt.std.Transform$$anon$3.$anonfun$apply$2(Transform.scala:47)
	at sbt.std.Transform$$anon$4.work(Transform.scala:69)
	at sbt.Execute.$anonfun$submit$2(Execute.scala:283)
	at sbt.internal.util.ErrorHandling$.wideConvert(ErrorHandling.scala:24)
	at sbt.Execute.work(Execute.scala:292)
	at sbt.Execute.$anonfun$submit$1(Execute.scala:283)
	at sbt.ConcurrentRestrictions$$anon$4.$anonfun$submitValid$1(ConcurrentRestrictions.scala:265)
	at sbt.CompletionService$$anon$2.call(CompletionService.scala:65)
	at java.base/java.util.concurrent.FutureTask.run(FutureTask.java:328)
	at java.base/java.util.concurrent.Executors$RunnableAdapter.call(Executors.java:545)
	at java.base/java.util.concurrent.FutureTask.run(FutureTask.java:328)
	at java.base/java.util.concurrent.ThreadPoolExecutor.runWorker(ThreadPoolExecutor.java:1090)
	at java.base/java.util.concurrent.ThreadPoolExecutor$Worker.run(ThreadPoolExecutor.java:614)
	at java.base/java.lang.Thread.run(Thread.java:1474)
</failure>
                    </testcase><testcase classname="galliatesting.spark.SparkTest" name="spark-csv-no-trailing-newline" time="0.002">
                      <failure message="getSubject is not supported" type="java.lang.UnsupportedOperationException">java.lang.UnsupportedOperationException: getSubject is not supported
	at java.base/javax.security.auth.Subject.getSubject(Subject.java:277)
	at org.apache.hadoop.security.UserGroupInformation.getCurrentUser(UserGroupInformation.java:577)
	at org.apache.spark.util.Utils$.$anonfun$getCurrentUserName$1(Utils.scala:2416)
	at scala.Option.getOrElse(Option.scala:203)
	at org.apache.spark.util.Utils$.getCurrentUserName(Utils.scala:2416)
	at org.apache.spark.SparkContext.&lt;init&gt;(SparkContext.scala:334)
	at aptus.spark.SparkDriver$.createContext(SparkDriver.scala:29)
	at aptus.spark.SparkDriver$.context$$anonfun$1(SparkDriver.scala:18)
	at scala.Option.getOrElse(Option.scala:203)
	at aptus.spark.SparkDriver$.context(SparkDriver.scala:18)
	at gallia.spark.package$.galliaSparkContext(SparkPackage.scala:30)
	at galliatesting.spark.SparkCsvTest$.apply(SparkCsvTest.scala:11)
	at galliatesting.spark.SparkTest$.$init$$$anonfun$1$$anonfun$3(SparkTest.scala:34)
	at utest.framework.StackMarker$.dropOutside(StackMarker.scala:13)
	at utest.framework.TestCallTree.run(Model.scala:45)
	at utest.framework.TestCallTree.run(Model.scala:43)
	at utest.TestRunner$.$anonfun$8$$anonfun$1(TestRunner.scala:74)
	at utest.framework.Executor.utestWrap(Executor.scala:12)
	at utest.framework.Executor.utestWrap$(Executor.scala:5)
	at utest.TestSuite.utestWrap(TestSuite.scala:12)
	at utest.TestRunner$.$anonfun$8(TestRunner.scala:84)
	at utest.framework.StackMarker$.dropOutside(StackMarker.scala:13)
	at utest.TestRunner$.$anonfun$6$$anonfun$1(TestRunner.scala:85)
	at utest.TestRunner$.evaluateFutureTree(TestRunner.scala:171)
	at utest.TestRunner$.evaluateFutureTree$$anonfun$2(TestRunner.scala:174)
	at scala.concurrent.Future$.traverse$$anonfun$1(Future.scala:884)
	at scala.collection.IterableOnceOps.foldLeft(IterableOnce.scala:740)
	at scala.collection.IterableOnceOps.foldLeft$(IterableOnce.scala:336)
	at scala.collection.AbstractIterator.foldLeft(Iterator.scala:1325)
	at scala.concurrent.Future$.traverse(Future.scala:884)
	at utest.TestRunner$.evaluateFutureTree(TestRunner.scala:174)
	at utest.TestRunner$.runAsync(TestRunner.scala:99)
	at utest.runner.BaseRunner.runSuite(BaseRunner.scala:173)
	at utest.runner.BaseRunner.makeTask$$anonfun$1(BaseRunner.scala:184)
	at utest.runner.Task.execute(Task.scala:20)
	at sbt.TestRunner.runTest$1(TestFramework.scala:153)
	at sbt.TestRunner.run(TestFramework.scala:168)
	at sbt.TestFramework$$anon$3$$anonfun$$lessinit$greater$1.$anonfun$apply$1(TestFramework.scala:336)
	at sbt.TestFramework$.sbt$TestFramework$$withContextLoader(TestFramework.scala:296)
	at sbt.TestFramework$$anon$3$$anonfun$$lessinit$greater$1.apply(TestFramework.scala:336)
	at sbt.TestFramework$$anon$3$$anonfun$$lessinit$greater$1.apply(TestFramework.scala:336)
	at sbt.TestFunction.apply(TestFramework.scala:348)
	at sbt.Tests$.$anonfun$toTask$1(Tests.scala:436)
	at sbt.std.Transform$$anon$3.$anonfun$apply$2(Transform.scala:47)
	at sbt.std.Transform$$anon$4.work(Transform.scala:69)
	at sbt.Execute.$anonfun$submit$2(Execute.scala:283)
	at sbt.internal.util.ErrorHandling$.wideConvert(ErrorHandling.scala:24)
	at sbt.Execute.work(Execute.scala:292)
	at sbt.Execute.$anonfun$submit$1(Execute.scala:283)
	at sbt.ConcurrentRestrictions$$anon$4.$anonfun$submitValid$1(ConcurrentRestrictions.scala:265)
	at sbt.CompletionService$$anon$2.call(CompletionService.scala:65)
	at java.base/java.util.concurrent.FutureTask.run(FutureTask.java:328)
	at java.base/java.util.concurrent.Executors$RunnableAdapter.call(Executors.java:545)
	at java.base/java.util.concurrent.FutureTask.run(FutureTask.java:328)
	at java.base/java.util.concurrent.ThreadPoolExecutor.runWorker(ThreadPoolExecutor.java:1090)
	at java.base/java.util.concurrent.ThreadPoolExecutor$Worker.run(ThreadPoolExecutor.java:614)
	at java.base/java.lang.Thread.run(Thread.java:1474)
</failure>
                    </testcase><testcase classname="galliatesting.spark.SparkTest" name="spark-lines-plain" time="0.003">
                      <failure message="getSubject is not supported" type="java.lang.UnsupportedOperationException">java.lang.UnsupportedOperationException: getSubject is not supported
	at java.base/javax.security.auth.Subject.getSubject(Subject.java:277)
	at org.apache.hadoop.security.UserGroupInformation.getCurrentUser(UserGroupInformation.java:577)
	at org.apache.spark.util.Utils$.$anonfun$getCurrentUserName$1(Utils.scala:2416)
	at scala.Option.getOrElse(Option.scala:203)
	at org.apache.spark.util.Utils$.getCurrentUserName(Utils.scala:2416)
	at org.apache.spark.SparkContext.&lt;init&gt;(SparkContext.scala:334)
	at aptus.spark.SparkDriver$.createContext(SparkDriver.scala:29)
	at aptus.spark.SparkDriver$.context$$anonfun$1(SparkDriver.scala:18)
	at scala.Option.getOrElse(Option.scala:203)
	at aptus.spark.SparkDriver$.context(SparkDriver.scala:18)
	at gallia.spark.package$.galliaSparkContext(SparkPackage.scala:30)
	at galliatesting.spark.SparkLinesTest$.apply(SparkLinesTest.scala:11)
	at galliatesting.spark.SparkTest$.$init$$$anonfun$1$$anonfun$4(SparkTest.scala:37)
	at utest.framework.StackMarker$.dropOutside(StackMarker.scala:13)
	at utest.framework.TestCallTree.run(Model.scala:45)
	at utest.framework.TestCallTree.run(Model.scala:43)
	at utest.TestRunner$.$anonfun$8$$anonfun$1(TestRunner.scala:74)
	at utest.framework.Executor.utestWrap(Executor.scala:12)
	at utest.framework.Executor.utestWrap$(Executor.scala:5)
	at utest.TestSuite.utestWrap(TestSuite.scala:12)
	at utest.TestRunner$.$anonfun$8(TestRunner.scala:84)
	at utest.framework.StackMarker$.dropOutside(StackMarker.scala:13)
	at utest.TestRunner$.$anonfun$6$$anonfun$1(TestRunner.scala:85)
	at utest.TestRunner$.evaluateFutureTree(TestRunner.scala:171)
	at utest.TestRunner$.evaluateFutureTree$$anonfun$2(TestRunner.scala:174)
	at scala.concurrent.Future$.traverse$$anonfun$1(Future.scala:884)
	at scala.collection.IterableOnceOps.foldLeft(IterableOnce.scala:740)
	at scala.collection.IterableOnceOps.foldLeft$(IterableOnce.scala:336)
	at scala.collection.AbstractIterator.foldLeft(Iterator.scala:1325)
	at scala.concurrent.Future$.traverse(Future.scala:884)
	at utest.TestRunner$.evaluateFutureTree(TestRunner.scala:174)
	at utest.TestRunner$.runAsync(TestRunner.scala:99)
	at utest.runner.BaseRunner.runSuite(BaseRunner.scala:173)
	at utest.runner.BaseRunner.makeTask$$anonfun$1(BaseRunner.scala:184)
	at utest.runner.Task.execute(Task.scala:20)
	at sbt.TestRunner.runTest$1(TestFramework.scala:153)
	at sbt.TestRunner.run(TestFramework.scala:168)
	at sbt.TestFramework$$anon$3$$anonfun$$lessinit$greater$1.$anonfun$apply$1(TestFramework.scala:336)
	at sbt.TestFramework$.sbt$TestFramework$$withContextLoader(TestFramework.scala:296)
	at sbt.TestFramework$$anon$3$$anonfun$$lessinit$greater$1.apply(TestFramework.scala:336)
	at sbt.TestFramework$$anon$3$$anonfun$$lessinit$greater$1.apply(TestFramework.scala:336)
	at sbt.TestFunction.apply(TestFramework.scala:348)
	at sbt.Tests$.$anonfun$toTask$1(Tests.scala:436)
	at sbt.std.Transform$$anon$3.$anonfun$apply$2(Transform.scala:47)
	at sbt.std.Transform$$anon$4.work(Transform.scala:69)
	at sbt.Execute.$anonfun$submit$2(Execute.scala:283)
	at sbt.internal.util.ErrorHandling$.wideConvert(ErrorHandling.scala:24)
	at sbt.Execute.work(Execute.scala:292)
	at sbt.Execute.$anonfun$submit$1(Execute.scala:283)
	at sbt.ConcurrentRestrictions$$anon$4.$anonfun$submitValid$1(ConcurrentRestrictions.scala:265)
	at sbt.CompletionService$$anon$2.call(CompletionService.scala:65)
	at java.base/java.util.concurrent.FutureTask.run(FutureTask.java:328)
	at java.base/java.util.concurrent.Executors$RunnableAdapter.call(Executors.java:545)
	at java.base/java.util.concurrent.FutureTask.run(FutureTask.java:328)
	at java.base/java.util.concurrent.ThreadPoolExecutor.runWorker(ThreadPoolExecutor.java:1090)
	at java.base/java.util.concurrent.ThreadPoolExecutor$Worker.run(ThreadPoolExecutor.java:614)
	at java.base/java.lang.Thread.run(Thread.java:1474)
</failure>
                    </testcase><testcase classname="galliatesting.spark.SparkTest" name="spark-lines-gz" time="0.0">
                      <failure message="getSubject is not supported" type="java.lang.UnsupportedOperationException">java.lang.UnsupportedOperationException: getSubject is not supported
	at java.base/javax.security.auth.Subject.getSubject(Subject.java:277)
	at org.apache.hadoop.security.UserGroupInformation.getCurrentUser(UserGroupInformation.java:577)
	at org.apache.spark.util.Utils$.$anonfun$getCurrentUserName$1(Utils.scala:2416)
	at scala.Option.getOrElse(Option.scala:203)
	at org.apache.spark.util.Utils$.getCurrentUserName(Utils.scala:2416)
	at org.apache.spark.SparkContext.&lt;init&gt;(SparkContext.scala:334)
	at aptus.spark.SparkDriver$.createContext(SparkDriver.scala:29)
	at aptus.spark.SparkDriver$.context$$anonfun$1(SparkDriver.scala:18)
	at scala.Option.getOrElse(Option.scala:203)
	at aptus.spark.SparkDriver$.context(SparkDriver.scala:18)
	at gallia.spark.package$.galliaSparkContext(SparkPackage.scala:30)
	at galliatesting.spark.SparkLinesTest$.apply(SparkLinesTest.scala:11)
	at galliatesting.spark.SparkTest$.$init$$$anonfun$1$$anonfun$5(SparkTest.scala:38)
	at utest.framework.StackMarker$.dropOutside(StackMarker.scala:13)
	at utest.framework.TestCallTree.run(Model.scala:45)
	at utest.framework.TestCallTree.run(Model.scala:43)
	at utest.TestRunner$.$anonfun$8$$anonfun$1(TestRunner.scala:74)
	at utest.framework.Executor.utestWrap(Executor.scala:12)
	at utest.framework.Executor.utestWrap$(Executor.scala:5)
	at utest.TestSuite.utestWrap(TestSuite.scala:12)
	at utest.TestRunner$.$anonfun$8(TestRunner.scala:84)
	at utest.framework.StackMarker$.dropOutside(StackMarker.scala:13)
	at utest.TestRunner$.$anonfun$6$$anonfun$1(TestRunner.scala:85)
	at utest.TestRunner$.evaluateFutureTree(TestRunner.scala:171)
	at utest.TestRunner$.evaluateFutureTree$$anonfun$2(TestRunner.scala:174)
	at scala.concurrent.Future$.traverse$$anonfun$1(Future.scala:884)
	at scala.collection.IterableOnceOps.foldLeft(IterableOnce.scala:740)
	at scala.collection.IterableOnceOps.foldLeft$(IterableOnce.scala:336)
	at scala.collection.AbstractIterator.foldLeft(Iterator.scala:1325)
	at scala.concurrent.Future$.traverse(Future.scala:884)
	at utest.TestRunner$.evaluateFutureTree(TestRunner.scala:174)
	at utest.TestRunner$.runAsync(TestRunner.scala:99)
	at utest.runner.BaseRunner.runSuite(BaseRunner.scala:173)
	at utest.runner.BaseRunner.makeTask$$anonfun$1(BaseRunner.scala:184)
	at utest.runner.Task.execute(Task.scala:20)
	at sbt.TestRunner.runTest$1(TestFramework.scala:153)
	at sbt.TestRunner.run(TestFramework.scala:168)
	at sbt.TestFramework$$anon$3$$anonfun$$lessinit$greater$1.$anonfun$apply$1(TestFramework.scala:336)
	at sbt.TestFramework$.sbt$TestFramework$$withContextLoader(TestFramework.scala:296)
	at sbt.TestFramework$$anon$3$$anonfun$$lessinit$greater$1.apply(TestFramework.scala:336)
	at sbt.TestFramework$$anon$3$$anonfun$$lessinit$greater$1.apply(TestFramework.scala:336)
	at sbt.TestFunction.apply(TestFramework.scala:348)
	at sbt.Tests$.$anonfun$toTask$1(Tests.scala:436)
	at sbt.std.Transform$$anon$3.$anonfun$apply$2(Transform.scala:47)
	at sbt.std.Transform$$anon$4.work(Transform.scala:69)
	at sbt.Execute.$anonfun$submit$2(Execute.scala:283)
	at sbt.internal.util.ErrorHandling$.wideConvert(ErrorHandling.scala:24)
	at sbt.Execute.work(Execute.scala:292)
	at sbt.Execute.$anonfun$submit$1(Execute.scala:283)
	at sbt.ConcurrentRestrictions$$anon$4.$anonfun$submitValid$1(ConcurrentRestrictions.scala:265)
	at sbt.CompletionService$$anon$2.call(CompletionService.scala:65)
	at java.base/java.util.concurrent.FutureTask.run(FutureTask.java:328)
	at java.base/java.util.concurrent.Executors$RunnableAdapter.call(Executors.java:545)
	at java.base/java.util.concurrent.FutureTask.run(FutureTask.java:328)
	at java.base/java.util.concurrent.ThreadPoolExecutor.runWorker(ThreadPoolExecutor.java:1090)
	at java.base/java.util.concurrent.ThreadPoolExecutor$Worker.run(ThreadPoolExecutor.java:614)
	at java.base/java.lang.Thread.run(Thread.java:1474)
</failure>
                    </testcase><testcase classname="galliatesting.spark.SparkTest" name="spark-lines-bz2" time="0.002">
                      <failure message="getSubject is not supported" type="java.lang.UnsupportedOperationException">java.lang.UnsupportedOperationException: getSubject is not supported
	at java.base/javax.security.auth.Subject.getSubject(Subject.java:277)
	at org.apache.hadoop.security.UserGroupInformation.getCurrentUser(UserGroupInformation.java:577)
	at org.apache.spark.util.Utils$.$anonfun$getCurrentUserName$1(Utils.scala:2416)
	at scala.Option.getOrElse(Option.scala:203)
	at org.apache.spark.util.Utils$.getCurrentUserName(Utils.scala:2416)
	at org.apache.spark.SparkContext.&lt;init&gt;(SparkContext.scala:334)
	at aptus.spark.SparkDriver$.createContext(SparkDriver.scala:29)
	at aptus.spark.SparkDriver$.context$$anonfun$1(SparkDriver.scala:18)
	at scala.Option.getOrElse(Option.scala:203)
	at aptus.spark.SparkDriver$.context(SparkDriver.scala:18)
	at gallia.spark.package$.galliaSparkContext(SparkPackage.scala:30)
	at galliatesting.spark.SparkLinesTest$.apply(SparkLinesTest.scala:11)
	at galliatesting.spark.SparkTest$.$init$$$anonfun$1$$anonfun$6(SparkTest.scala:39)
	at utest.framework.StackMarker$.dropOutside(StackMarker.scala:13)
	at utest.framework.TestCallTree.run(Model.scala:45)
	at utest.framework.TestCallTree.run(Model.scala:43)
	at utest.TestRunner$.$anonfun$8$$anonfun$1(TestRunner.scala:74)
	at utest.framework.Executor.utestWrap(Executor.scala:12)
	at utest.framework.Executor.utestWrap$(Executor.scala:5)
	at utest.TestSuite.utestWrap(TestSuite.scala:12)
	at utest.TestRunner$.$anonfun$8(TestRunner.scala:84)
	at utest.framework.StackMarker$.dropOutside(StackMarker.scala:13)
	at utest.TestRunner$.$anonfun$6$$anonfun$1(TestRunner.scala:85)
	at utest.TestRunner$.evaluateFutureTree(TestRunner.scala:171)
	at utest.TestRunner$.evaluateFutureTree$$anonfun$2(TestRunner.scala:174)
	at scala.concurrent.Future$.traverse$$anonfun$1(Future.scala:884)
	at scala.collection.IterableOnceOps.foldLeft(IterableOnce.scala:740)
	at scala.collection.IterableOnceOps.foldLeft$(IterableOnce.scala:336)
	at scala.collection.AbstractIterator.foldLeft(Iterator.scala:1325)
	at scala.concurrent.Future$.traverse(Future.scala:884)
	at utest.TestRunner$.evaluateFutureTree(TestRunner.scala:174)
	at utest.TestRunner$.runAsync(TestRunner.scala:99)
	at utest.runner.BaseRunner.runSuite(BaseRunner.scala:173)
	at utest.runner.BaseRunner.makeTask$$anonfun$1(BaseRunner.scala:184)
	at utest.runner.Task.execute(Task.scala:20)
	at sbt.TestRunner.runTest$1(TestFramework.scala:153)
	at sbt.TestRunner.run(TestFramework.scala:168)
	at sbt.TestFramework$$anon$3$$anonfun$$lessinit$greater$1.$anonfun$apply$1(TestFramework.scala:336)
	at sbt.TestFramework$.sbt$TestFramework$$withContextLoader(TestFramework.scala:296)
	at sbt.TestFramework$$anon$3$$anonfun$$lessinit$greater$1.apply(TestFramework.scala:336)
	at sbt.TestFramework$$anon$3$$anonfun$$lessinit$greater$1.apply(TestFramework.scala:336)
	at sbt.TestFunction.apply(TestFramework.scala:348)
	at sbt.Tests$.$anonfun$toTask$1(Tests.scala:436)
	at sbt.std.Transform$$anon$3.$anonfun$apply$2(Transform.scala:47)
	at sbt.std.Transform$$anon$4.work(Transform.scala:69)
	at sbt.Execute.$anonfun$submit$2(Execute.scala:283)
	at sbt.internal.util.ErrorHandling$.wideConvert(ErrorHandling.scala:24)
	at sbt.Execute.work(Execute.scala:292)
	at sbt.Execute.$anonfun$submit$1(Execute.scala:283)
	at sbt.ConcurrentRestrictions$$anon$4.$anonfun$submitValid$1(ConcurrentRestrictions.scala:265)
	at sbt.CompletionService$$anon$2.call(CompletionService.scala:65)
	at java.base/java.util.concurrent.FutureTask.run(FutureTask.java:328)
	at java.base/java.util.concurrent.Executors$RunnableAdapter.call(Executors.java:545)
	at java.base/java.util.concurrent.FutureTask.run(FutureTask.java:328)
	at java.base/java.util.concurrent.ThreadPoolExecutor.runWorker(ThreadPoolExecutor.java:1090)
	at java.base/java.util.concurrent.ThreadPoolExecutor$Worker.run(ThreadPoolExecutor.java:614)
	at java.base/java.lang.Thread.run(Thread.java:1474)
</failure>
                    </testcase><testcase classname="galliatesting.spark.SparkTest" name="spark-rdd-directly" time="0.001">
                      <failure message="getSubject is not supported" type="java.lang.UnsupportedOperationException">java.lang.UnsupportedOperationException: getSubject is not supported
	at java.base/javax.security.auth.Subject.getSubject(Subject.java:277)
	at org.apache.hadoop.security.UserGroupInformation.getCurrentUser(UserGroupInformation.java:577)
	at org.apache.spark.util.Utils$.$anonfun$getCurrentUserName$1(Utils.scala:2416)
	at scala.Option.getOrElse(Option.scala:203)
	at org.apache.spark.util.Utils$.getCurrentUserName(Utils.scala:2416)
	at org.apache.spark.SparkContext.&lt;init&gt;(SparkContext.scala:334)
	at aptus.spark.SparkDriver$.createContext(SparkDriver.scala:29)
	at aptus.spark.SparkDriver$.context$$anonfun$1(SparkDriver.scala:18)
	at scala.Option.getOrElse(Option.scala:203)
	at aptus.spark.SparkDriver$.context(SparkDriver.scala:18)
	at gallia.spark.package$.galliaSparkContext(SparkPackage.scala:30)
	at galliatesting.spark.SparkRddDirectlyTest$.apply(SparkRddDirectlyTest.scala:12)
	at galliatesting.spark.SparkTest$.$init$$$anonfun$1$$anonfun$7(SparkTest.scala:42)
	at utest.framework.StackMarker$.dropOutside(StackMarker.scala:13)
	at utest.framework.TestCallTree.run(Model.scala:45)
	at utest.framework.TestCallTree.run(Model.scala:43)
	at utest.TestRunner$.$anonfun$8$$anonfun$1(TestRunner.scala:74)
	at utest.framework.Executor.utestWrap(Executor.scala:12)
	at utest.framework.Executor.utestWrap$(Executor.scala:5)
	at utest.TestSuite.utestWrap(TestSuite.scala:12)
	at utest.TestRunner$.$anonfun$8(TestRunner.scala:84)
	at utest.framework.StackMarker$.dropOutside(StackMarker.scala:13)
	at utest.TestRunner$.$anonfun$6$$anonfun$1(TestRunner.scala:85)
	at utest.TestRunner$.evaluateFutureTree(TestRunner.scala:171)
	at utest.TestRunner$.evaluateFutureTree$$anonfun$2(TestRunner.scala:174)
	at scala.concurrent.Future$.traverse$$anonfun$1(Future.scala:884)
	at scala.collection.IterableOnceOps.foldLeft(IterableOnce.scala:740)
	at scala.collection.IterableOnceOps.foldLeft$(IterableOnce.scala:336)
	at scala.collection.AbstractIterator.foldLeft(Iterator.scala:1325)
	at scala.concurrent.Future$.traverse(Future.scala:884)
	at utest.TestRunner$.evaluateFutureTree(TestRunner.scala:174)
	at utest.TestRunner$.runAsync(TestRunner.scala:99)
	at utest.runner.BaseRunner.runSuite(BaseRunner.scala:173)
	at utest.runner.BaseRunner.makeTask$$anonfun$1(BaseRunner.scala:184)
	at utest.runner.Task.execute(Task.scala:20)
	at sbt.TestRunner.runTest$1(TestFramework.scala:153)
	at sbt.TestRunner.run(TestFramework.scala:168)
	at sbt.TestFramework$$anon$3$$anonfun$$lessinit$greater$1.$anonfun$apply$1(TestFramework.scala:336)
	at sbt.TestFramework$.sbt$TestFramework$$withContextLoader(TestFramework.scala:296)
	at sbt.TestFramework$$anon$3$$anonfun$$lessinit$greater$1.apply(TestFramework.scala:336)
	at sbt.TestFramework$$anon$3$$anonfun$$lessinit$greater$1.apply(TestFramework.scala:336)
	at sbt.TestFunction.apply(TestFramework.scala:348)
	at sbt.Tests$.$anonfun$toTask$1(Tests.scala:436)
	at sbt.std.Transform$$anon$3.$anonfun$apply$2(Transform.scala:47)
	at sbt.std.Transform$$anon$4.work(Transform.scala:69)
	at sbt.Execute.$anonfun$submit$2(Execute.scala:283)
	at sbt.internal.util.ErrorHandling$.wideConvert(ErrorHandling.scala:24)
	at sbt.Execute.work(Execute.scala:292)
	at sbt.Execute.$anonfun$submit$1(Execute.scala:283)
	at sbt.ConcurrentRestrictions$$anon$4.$anonfun$submitValid$1(ConcurrentRestrictions.scala:265)
	at sbt.CompletionService$$anon$2.call(CompletionService.scala:65)
	at java.base/java.util.concurrent.FutureTask.run(FutureTask.java:328)
	at java.base/java.util.concurrent.Executors$RunnableAdapter.call(Executors.java:545)
	at java.base/java.util.concurrent.FutureTask.run(FutureTask.java:328)
	at java.base/java.util.concurrent.ThreadPoolExecutor.runWorker(ThreadPoolExecutor.java:1090)
	at java.base/java.util.concurrent.ThreadPoolExecutor$Worker.run(ThreadPoolExecutor.java:614)
	at java.base/java.lang.Thread.run(Thread.java:1474)
</failure>
                    </testcase><testcase classname="galliatesting.spark.SparkTest" name="spark-jsonl" time="0.002">
                      <failure message="getSubject is not supported" type="java.lang.UnsupportedOperationException">java.lang.UnsupportedOperationException: getSubject is not supported
	at java.base/javax.security.auth.Subject.getSubject(Subject.java:277)
	at org.apache.hadoop.security.UserGroupInformation.getCurrentUser(UserGroupInformation.java:577)
	at org.apache.spark.util.Utils$.$anonfun$getCurrentUserName$1(Utils.scala:2416)
	at scala.Option.getOrElse(Option.scala:203)
	at org.apache.spark.util.Utils$.getCurrentUserName(Utils.scala:2416)
	at org.apache.spark.SparkContext.&lt;init&gt;(SparkContext.scala:334)
	at aptus.spark.SparkDriver$.createContext(SparkDriver.scala:29)
	at aptus.spark.SparkDriver$.context$$anonfun$1(SparkDriver.scala:18)
	at scala.Option.getOrElse(Option.scala:203)
	at aptus.spark.SparkDriver$.context(SparkDriver.scala:18)
	at gallia.spark.package$.galliaSparkContext(SparkPackage.scala:30)
	at galliatesting.spark.SparkJsonLinesTest$.apply(SparkJsonLinesTest.scala:11)
	at galliatesting.spark.SparkTest$.$init$$$anonfun$1$$anonfun$8(SparkTest.scala:45)
	at utest.framework.StackMarker$.dropOutside(StackMarker.scala:13)
	at utest.framework.TestCallTree.run(Model.scala:45)
	at utest.framework.TestCallTree.run(Model.scala:43)
	at utest.TestRunner$.$anonfun$8$$anonfun$1(TestRunner.scala:74)
	at utest.framework.Executor.utestWrap(Executor.scala:12)
	at utest.framework.Executor.utestWrap$(Executor.scala:5)
	at utest.TestSuite.utestWrap(TestSuite.scala:12)
	at utest.TestRunner$.$anonfun$8(TestRunner.scala:84)
	at utest.framework.StackMarker$.dropOutside(StackMarker.scala:13)
	at utest.TestRunner$.$anonfun$6$$anonfun$1(TestRunner.scala:85)
	at utest.TestRunner$.evaluateFutureTree(TestRunner.scala:171)
	at utest.TestRunner$.evaluateFutureTree$$anonfun$2(TestRunner.scala:174)
	at scala.concurrent.Future$.traverse$$anonfun$1(Future.scala:884)
	at scala.collection.IterableOnceOps.foldLeft(IterableOnce.scala:740)
	at scala.collection.IterableOnceOps.foldLeft$(IterableOnce.scala:336)
	at scala.collection.AbstractIterator.foldLeft(Iterator.scala:1325)
	at scala.concurrent.Future$.traverse(Future.scala:884)
	at utest.TestRunner$.evaluateFutureTree(TestRunner.scala:174)
	at utest.TestRunner$.runAsync(TestRunner.scala:99)
	at utest.runner.BaseRunner.runSuite(BaseRunner.scala:173)
	at utest.runner.BaseRunner.makeTask$$anonfun$1(BaseRunner.scala:184)
	at utest.runner.Task.execute(Task.scala:20)
	at sbt.TestRunner.runTest$1(TestFramework.scala:153)
	at sbt.TestRunner.run(TestFramework.scala:168)
	at sbt.TestFramework$$anon$3$$anonfun$$lessinit$greater$1.$anonfun$apply$1(TestFramework.scala:336)
	at sbt.TestFramework$.sbt$TestFramework$$withContextLoader(TestFramework.scala:296)
	at sbt.TestFramework$$anon$3$$anonfun$$lessinit$greater$1.apply(TestFramework.scala:336)
	at sbt.TestFramework$$anon$3$$anonfun$$lessinit$greater$1.apply(TestFramework.scala:336)
	at sbt.TestFunction.apply(TestFramework.scala:348)
	at sbt.Tests$.$anonfun$toTask$1(Tests.scala:436)
	at sbt.std.Transform$$anon$3.$anonfun$apply$2(Transform.scala:47)
	at sbt.std.Transform$$anon$4.work(Transform.scala:69)
	at sbt.Execute.$anonfun$submit$2(Execute.scala:283)
	at sbt.internal.util.ErrorHandling$.wideConvert(ErrorHandling.scala:24)
	at sbt.Execute.work(Execute.scala:292)
	at sbt.Execute.$anonfun$submit$1(Execute.scala:283)
	at sbt.ConcurrentRestrictions$$anon$4.$anonfun$submitValid$1(ConcurrentRestrictions.scala:265)
	at sbt.CompletionService$$anon$2.call(CompletionService.scala:65)
	at java.base/java.util.concurrent.FutureTask.run(FutureTask.java:328)
	at java.base/java.util.concurrent.Executors$RunnableAdapter.call(Executors.java:545)
	at java.base/java.util.concurrent.FutureTask.run(FutureTask.java:328)
	at java.base/java.util.concurrent.ThreadPoolExecutor.runWorker(ThreadPoolExecutor.java:1090)
	at java.base/java.util.concurrent.ThreadPoolExecutor$Worker.run(ThreadPoolExecutor.java:614)
	at java.base/java.lang.Thread.run(Thread.java:1474)
</failure>
                    </testcase><testcase classname="galliatesting.spark.SparkTest" name="spark-register" time="0.001">
                      <failure message="getSubject is not supported" type="java.lang.UnsupportedOperationException">java.lang.UnsupportedOperationException: getSubject is not supported
	at java.base/javax.security.auth.Subject.getSubject(Subject.java:277)
	at org.apache.hadoop.security.UserGroupInformation.getCurrentUser(UserGroupInformation.java:577)
	at org.apache.spark.util.Utils$.$anonfun$getCurrentUserName$1(Utils.scala:2416)
	at scala.Option.getOrElse(Option.scala:203)
	at org.apache.spark.util.Utils$.getCurrentUserName(Utils.scala:2416)
	at org.apache.spark.SparkContext.&lt;init&gt;(SparkContext.scala:334)
	at aptus.spark.SparkDriver$.createContext(SparkDriver.scala:29)
	at aptus.spark.SparkDriver$.context$$anonfun$1(SparkDriver.scala:18)
	at scala.Option.getOrElse(Option.scala:203)
	at aptus.spark.SparkDriver$.context(SparkDriver.scala:18)
	at gallia.spark.package$.galliaSparkContext(SparkPackage.scala:30)
	at galliatesting.spark.SparkTest$.galliaSparkRegister(SparkTest.scala:57)
	at galliatesting.spark.SparkTest$.$init$$$anonfun$1$$anonfun$9(SparkTest.scala:51)
	at utest.framework.StackMarker$.dropOutside(StackMarker.scala:13)
	at utest.framework.TestCallTree.run(Model.scala:45)
	at utest.framework.TestCallTree.run(Model.scala:43)
	at utest.TestRunner$.$anonfun$8$$anonfun$1(TestRunner.scala:74)
	at utest.framework.Executor.utestWrap(Executor.scala:12)
	at utest.framework.Executor.utestWrap$(Executor.scala:5)
	at utest.TestSuite.utestWrap(TestSuite.scala:12)
	at utest.TestRunner$.$anonfun$8(TestRunner.scala:84)
	at utest.framework.StackMarker$.dropOutside(StackMarker.scala:13)
	at utest.TestRunner$.$anonfun$6$$anonfun$1(TestRunner.scala:85)
	at utest.TestRunner$.evaluateFutureTree(TestRunner.scala:171)
	at utest.TestRunner$.evaluateFutureTree$$anonfun$2(TestRunner.scala:174)
	at scala.concurrent.Future$.traverse$$anonfun$1(Future.scala:884)
	at scala.collection.IterableOnceOps.foldLeft(IterableOnce.scala:740)
	at scala.collection.IterableOnceOps.foldLeft$(IterableOnce.scala:336)
	at scala.collection.AbstractIterator.foldLeft(Iterator.scala:1325)
	at scala.concurrent.Future$.traverse(Future.scala:884)
	at utest.TestRunner$.evaluateFutureTree(TestRunner.scala:174)
	at utest.TestRunner$.runAsync(TestRunner.scala:99)
	at utest.runner.BaseRunner.runSuite(BaseRunner.scala:173)
	at utest.runner.BaseRunner.makeTask$$anonfun$1(BaseRunner.scala:184)
	at utest.runner.Task.execute(Task.scala:20)
	at sbt.TestRunner.runTest$1(TestFramework.scala:153)
	at sbt.TestRunner.run(TestFramework.scala:168)
	at sbt.TestFramework$$anon$3$$anonfun$$lessinit$greater$1.$anonfun$apply$1(TestFramework.scala:336)
	at sbt.TestFramework$.sbt$TestFramework$$withContextLoader(TestFramework.scala:296)
	at sbt.TestFramework$$anon$3$$anonfun$$lessinit$greater$1.apply(TestFramework.scala:336)
	at sbt.TestFramework$$anon$3$$anonfun$$lessinit$greater$1.apply(TestFramework.scala:336)
	at sbt.TestFunction.apply(TestFramework.scala:348)
	at sbt.Tests$.$anonfun$toTask$1(Tests.scala:436)
	at sbt.std.Transform$$anon$3.$anonfun$apply$2(Transform.scala:47)
	at sbt.std.Transform$$anon$4.work(Transform.scala:69)
	at sbt.Execute.$anonfun$submit$2(Execute.scala:283)
	at sbt.internal.util.ErrorHandling$.wideConvert(ErrorHandling.scala:24)
	at sbt.Execute.work(Execute.scala:292)
	at sbt.Execute.$anonfun$submit$1(Execute.scala:283)
	at sbt.ConcurrentRestrictions$$anon$4.$anonfun$submitValid$1(ConcurrentRestrictions.scala:265)
	at sbt.CompletionService$$anon$2.call(CompletionService.scala:65)
	at java.base/java.util.concurrent.FutureTask.run(FutureTask.java:328)
	at java.base/java.util.concurrent.Executors$RunnableAdapter.call(Executors.java:545)
	at java.base/java.util.concurrent.FutureTask.run(FutureTask.java:328)
	at java.base/java.util.concurrent.ThreadPoolExecutor.runWorker(ThreadPoolExecutor.java:1090)
	at java.base/java.util.concurrent.ThreadPoolExecutor$Worker.run(ThreadPoolExecutor.java:614)
	at java.base/java.lang.Thread.run(Thread.java:1474)
</failure>
                    </testcase>
          <system-out><![CDATA[]]></system-out>
          <system-err><![CDATA[]]></system-err>
        </testsuite>